<?xml version="1.0" encoding="UTF-8"?>
<!-- Generated by org.testng.reporters.JUnitXMLReporter -->
<testsuite ignored="0" hostname="DESKTOP-KECRS0N" failures="0" tests="5" name="Default test" time="62.349" errors="0" timestamp="2021-02-12T16:58:12 GMT">
  <testcase classname="SeleniumTests.AnsDigiAutomationTest" name="testInfiniteScroll" time="10.803"/>
  <testcase classname="SeleniumTests.AnsDigiAutomationTest" name="testInvalidPassword" time="3.794"/>
  <testcase classname="SeleniumTests.AnsDigiAutomationTest" name="testInvalidUserName" time="4.355"/>
  <testcase classname="SeleniumTests.AnsDigiAutomationTest" name="testKeyPresses" time="9.745"/>
  <testcase classname="SeleniumTests.AnsDigiAutomationTest" name="testValidLogin" time="6.43"/>
</testsuite> <!-- Default test -->
