<?xml version="1.0" encoding="UTF-8"?>
<testng-results ignored="0" total="5" passed="5" failed="0" skipped="0">
  <reporter-output>
  </reporter-output>
  <suite started-at="2021-02-12T16:57:09 GMT" name="Default suite" finished-at="2021-02-12T16:58:12 GMT" duration-ms="62349">
    <groups>
    </groups>
    <test started-at="2021-02-12T16:57:09 GMT" name="Default test" finished-at="2021-02-12T16:58:12 GMT" duration-ms="62349">
      <class name="SeleniumTests.AnsDigiAutomationTest">
        <test-method is-config="true" signature="beforeMethod()[pri:0, instance:SeleniumTests.AnsDigiAutomationTest@20f5239f]" started-at="2021-02-12T16:57:09 GMT" name="beforeMethod" finished-at="2021-02-12T16:57:14 GMT" duration-ms="4924" status="PASS">
          <reporter-output>
          </reporter-output>
        </test-method> <!-- beforeMethod -->
        <test-method signature="testInfiniteScroll()[pri:0, instance:SeleniumTests.AnsDigiAutomationTest@20f5239f]" started-at="2021-02-12T16:57:14 GMT" name="testInfiniteScroll" finished-at="2021-02-12T16:57:25 GMT" duration-ms="10803" status="PASS">
          <reporter-output>
          </reporter-output>
        </test-method> <!-- testInfiniteScroll -->
        <test-method is-config="true" signature="afterMethod()[pri:0, instance:SeleniumTests.AnsDigiAutomationTest@20f5239f]" started-at="2021-02-12T16:57:25 GMT" name="afterMethod" finished-at="2021-02-12T16:57:26 GMT" duration-ms="1184" status="PASS">
          <reporter-output>
          </reporter-output>
        </test-method> <!-- afterMethod -->
        <test-method is-config="true" signature="beforeMethod()[pri:0, instance:SeleniumTests.AnsDigiAutomationTest@20f5239f]" started-at="2021-02-12T16:57:26 GMT" name="beforeMethod" finished-at="2021-02-12T16:57:31 GMT" duration-ms="4370" status="PASS">
          <reporter-output>
          </reporter-output>
        </test-method> <!-- beforeMethod -->
        <test-method signature="testInvalidPassword()[pri:0, instance:SeleniumTests.AnsDigiAutomationTest@20f5239f]" started-at="2021-02-12T16:57:31 GMT" name="testInvalidPassword" finished-at="2021-02-12T16:57:34 GMT" duration-ms="3794" status="PASS">
          <reporter-output>
          </reporter-output>
        </test-method> <!-- testInvalidPassword -->
        <test-method is-config="true" signature="afterMethod()[pri:0, instance:SeleniumTests.AnsDigiAutomationTest@20f5239f]" started-at="2021-02-12T16:57:34 GMT" name="afterMethod" finished-at="2021-02-12T16:57:35 GMT" duration-ms="1100" status="PASS">
          <reporter-output>
          </reporter-output>
        </test-method> <!-- afterMethod -->
        <test-method is-config="true" signature="beforeMethod()[pri:0, instance:SeleniumTests.AnsDigiAutomationTest@20f5239f]" started-at="2021-02-12T16:57:35 GMT" name="beforeMethod" finished-at="2021-02-12T16:57:40 GMT" duration-ms="4023" status="PASS">
          <reporter-output>
          </reporter-output>
        </test-method> <!-- beforeMethod -->
        <test-method signature="testInvalidUserName()[pri:0, instance:SeleniumTests.AnsDigiAutomationTest@20f5239f]" started-at="2021-02-12T16:57:40 GMT" name="testInvalidUserName" finished-at="2021-02-12T16:57:44 GMT" duration-ms="4355" status="PASS">
          <reporter-output>
          </reporter-output>
        </test-method> <!-- testInvalidUserName -->
        <test-method is-config="true" signature="afterMethod()[pri:0, instance:SeleniumTests.AnsDigiAutomationTest@20f5239f]" started-at="2021-02-12T16:57:44 GMT" name="afterMethod" finished-at="2021-02-12T16:57:45 GMT" duration-ms="1161" status="PASS">
          <reporter-output>
          </reporter-output>
        </test-method> <!-- afterMethod -->
        <test-method is-config="true" signature="beforeMethod()[pri:0, instance:SeleniumTests.AnsDigiAutomationTest@20f5239f]" started-at="2021-02-12T16:57:45 GMT" name="beforeMethod" finished-at="2021-02-12T16:57:49 GMT" duration-ms="4213" status="PASS">
          <reporter-output>
          </reporter-output>
        </test-method> <!-- beforeMethod -->
        <test-method signature="testKeyPresses()[pri:0, instance:SeleniumTests.AnsDigiAutomationTest@20f5239f]" started-at="2021-02-12T16:57:49 GMT" name="testKeyPresses" finished-at="2021-02-12T16:57:59 GMT" duration-ms="9745" status="PASS">
          <reporter-output>
          </reporter-output>
        </test-method> <!-- testKeyPresses -->
        <test-method is-config="true" signature="afterMethod()[pri:0, instance:SeleniumTests.AnsDigiAutomationTest@20f5239f]" started-at="2021-02-12T16:57:59 GMT" name="afterMethod" finished-at="2021-02-12T16:58:00 GMT" duration-ms="1118" status="PASS">
          <reporter-output>
          </reporter-output>
        </test-method> <!-- afterMethod -->
        <test-method is-config="true" signature="beforeMethod()[pri:0, instance:SeleniumTests.AnsDigiAutomationTest@20f5239f]" started-at="2021-02-12T16:58:00 GMT" name="beforeMethod" finished-at="2021-02-12T16:58:04 GMT" duration-ms="3865" status="PASS">
          <reporter-output>
          </reporter-output>
        </test-method> <!-- beforeMethod -->
        <test-method signature="testValidLogin()[pri:0, instance:SeleniumTests.AnsDigiAutomationTest@20f5239f]" started-at="2021-02-12T16:58:04 GMT" name="testValidLogin" finished-at="2021-02-12T16:58:10 GMT" duration-ms="6430" status="PASS">
          <reporter-output>
          </reporter-output>
        </test-method> <!-- testValidLogin -->
        <test-method is-config="true" signature="afterMethod()[pri:0, instance:SeleniumTests.AnsDigiAutomationTest@20f5239f]" started-at="2021-02-12T16:58:10 GMT" name="afterMethod" finished-at="2021-02-12T16:58:12 GMT" duration-ms="1159" status="PASS">
          <reporter-output>
          </reporter-output>
        </test-method> <!-- afterMethod -->
      </class> <!-- SeleniumTests.AnsDigiAutomationTest -->
    </test> <!-- Default test -->
  </suite> <!-- Default suite -->
</testng-results>
